{"C:\\Users\\1544-002-001\\Downloads\\Time-Off-MicroService\\src\\app.controller.ts": {"path":"C:\\Users\\1544-002-001\\Downloads\\Time-Off-MicroService\\src\\app.controller.ts","statementMap":{"0":{"start":{"line":1,"column":0},"end":{"line":1,"column":49}},"1":{"start":{"line":2,"column":0},"end":{"line":2,"column":43}},"2":{"start":{"line":5,"column":7},"end":{"line":12,"column":null}},"3":{"start":{"line":6,"column":31},"end":{"line":6,"column":43}},"4":{"start":{"line":10,"column":4},"end":{"line":10,"column":38}},"5":{"start":{"line":5,"column":13},"end":{"line":5,"column":26}},"6":{"start":{"line":9,"column":2},"end":{"line":11,"column":null}},"7":{"start":{"line":5,"column":13},"end":{"line":12,"column":null}}},"fnMap":{"0":{"name":"(anonymous_2)","decl":{"start":{"line":6,"column":2},"end":{"line":6,"column":31}},"loc":{"start":{"line":6,"column":53},"end":{"line":6,"column":57}}},"1":{"name":"(anonymous_3)","decl":{"start":{"line":9,"column":2},"end":{"line":9,"column":10}},"loc":{"start":{"line":9,"column":10},"end":{"line":11,"column":3}}}},"branchMap":{"0":{"loc":{"start":{"line":6,"column":43},"end":{"line":6,"column":56}},"type":"cond-expr","locations":[{"start":{"line":6,"column":53},"end":{"line":6,"column":56}},{"start":{"line":6,"column":53},"end":{"line":6,"column":56}}]},"1":{"loc":{"start":{"line":6,"column":43},"end":{"line":6,"column":53}},"type":"binary-expr","locations":[{"start":{"line":6,"column":43},"end":{"line":6,"column":56}},{"start":{"line":6,"column":43},"end":{"line":6,"column":53}}]}},"s":{"0":1,"1":1,"2":1,"3":1,"4":1,"5":1,"6":1,"7":1},"f":{"0":1,"1":1},"b":{"0":[1,0],"1":[1,1]}}
,"C:\\Users\\1544-002-001\\Downloads\\Time-Off-MicroService\\src\\app.module.ts": {"path":"C:\\Users\\1544-002-001\\Downloads\\Time-Off-MicroService\\src\\app.module.ts","statementMap":{"0":{"start":{"line":1,"column":0},"end":{"line":1,"column":40}},"1":{"start":{"line":2,"column":0},"end":{"line":2,"column":48}},"2":{"start":{"line":3,"column":0},"end":{"line":3,"column":59}},"3":{"start":{"line":4,"column":0},"end":{"line":4,"column":55}},"4":{"start":{"line":5,"column":0},"end":{"line":5,"column":43}},"5":{"start":{"line":6,"column":0},"end":{"line":6,"column":46}},"6":{"start":{"line":7,"column":0},"end":{"line":7,"column":49}},"7":{"start":{"line":8,"column":0},"end":{"line":8,"column":66}},"8":{"start":{"line":24,"column":7},"end":{"line":24,"column":null}},"9":{"start":{"line":24,"column":13},"end":{"line":24,"column":22}},"10":{"start":{"line":24,"column":13},"end":{"line":24,"column":null}}},"fnMap":{},"branchMap":{},"s":{"0":0,"1":0,"2":0,"3":0,"4":0,"5":0,"6":0,"7":0,"8":0,"9":0,"10":0},"f":{},"b":{}}
,"C:\\Users\\1544-002-001\\Downloads\\Time-Off-MicroService\\src\\app.service.ts": {"path":"C:\\Users\\1544-002-001\\Downloads\\Time-Off-MicroService\\src\\app.service.ts","statementMap":{"0":{"start":{"line":1,"column":0},"end":{"line":1,"column":44}},"1":{"start":{"line":4,"column":7},"end":{"line":8,"column":null}},"2":{"start":{"line":6,"column":4},"end":{"line":6,"column":26}},"3":{"start":{"line":4,"column":13},"end":{"line":4,"column":23}},"4":{"start":{"line":4,"column":13},"end":{"line":8,"column":null}}},"fnMap":{"0":{"name":"(anonymous_1)","decl":{"start":{"line":5,"column":2},"end":{"line":5,"column":10}},"loc":{"start":{"line":5,"column":10},"end":{"line":7,"column":3}}}},"branchMap":{},"s":{"0":1,"1":1,"2":1,"3":1,"4":1},"f":{"0":1},"b":{}}
,"C:\\Users\\1544-002-001\\Downloads\\Time-Off-MicroService\\src\\main.ts": {"path":"C:\\Users\\1544-002-001\\Downloads\\Time-Off-MicroService\\src\\main.ts","statementMap":{"0":{"start":{"line":1,"column":0},"end":{"line":1,"column":43}},"1":{"start":{"line":2,"column":0},"end":{"line":2,"column":41}},"2":{"start":{"line":3,"column":0},"end":{"line":3,"column":48}},"3":{"start":{"line":6,"column":14},"end":{"line":6,"column":49}},"4":{"start":{"line":7,"column":2},"end":{"line":7,"column":43}},"5":{"start":{"line":8,"column":2},"end":{"line":8,"column":25}},"6":{"start":{"line":9,"column":2},"end":{"line":9,"column":57}},"7":{"start":{"line":11,"column":0},"end":{"line":11,"column":12}}},"fnMap":{"0":{"name":"bootstrap","decl":{"start":{"line":5,"column":15},"end":{"line":5,"column":24}},"loc":{"start":{"line":5,"column":24},"end":{"line":10,"column":1}}}},"branchMap":{},"s":{"0":0,"1":0,"2":0,"3":0,"4":0,"5":0,"6":0,"7":0},"f":{"0":0},"b":{}}
,"C:\\Users\\1544-002-001\\Downloads\\Time-Off-MicroService\\src\\balance\\balance.entity.ts": {"path":"C:\\Users\\1544-002-001\\Downloads\\Time-Off-MicroService\\src\\balance\\balance.entity.ts","statementMap":{"0":{"start":{"line":1,"column":0},"end":{"line":1,"column":80}},"1":{"start":{"line":4,"column":7},"end":{"line":26,"column":null}},"2":{"start":{"line":4,"column":13},"end":{"line":4,"column":20}},"3":{"start":{"line":6,"column":4},"end":{"line":6,"column":null}},"4":{"start":{"line":9,"column":4},"end":{"line":9,"column":null}},"5":{"start":{"line":12,"column":8},"end":{"line":12,"column":null}},"6":{"start":{"line":15,"column":4},"end":{"line":15,"column":null}},"7":{"start":{"line":18,"column":4},"end":{"line":18,"column":null}},"8":{"start":{"line":21,"column":4},"end":{"line":21,"column":null}},"9":{"start":{"line":24,"column":4},"end":{"line":24,"column":null}},"10":{"start":{"line":4,"column":13},"end":{"line":26,"column":null}}},"fnMap":{},"branchMap":{"0":{"loc":{"start":{"line":24,"column":18},"end":{"line":24,"column":23}},"type":"cond-expr","locations":[{"start":{"line":24,"column":22},"end":{"line":24,"column":23}},{"start":{"line":24,"column":22},"end":{"line":24,"column":23}}]},"1":{"loc":{"start":{"line":24,"column":18},"end":{"line":24,"column":22}},"type":"binary-expr","locations":[{"start":{"line":24,"column":18},"end":{"line":24,"column":23}},{"start":{"line":24,"column":18},"end":{"line":24,"column":22}}]}},"s":{"0":0,"1":0,"2":0,"3":0,"4":0,"5":0,"6":0,"7":0,"8":0,"9":0,"10":0},"f":{},"b":{"0":[0,0],"1":[0,0]}}
,"C:\\Users\\1544-002-001\\Downloads\\Time-Off-MicroService\\src\\balance\\balance.module.ts": {"path":"C:\\Users\\1544-002-001\\Downloads\\Time-Off-MicroService\\src\\balance\\balance.module.ts","statementMap":{"0":{"start":{"line":1,"column":0},"end":{"line":1,"column":40}},"1":{"start":{"line":2,"column":0},"end":{"line":2,"column":48}},"2":{"start":{"line":3,"column":0},"end":{"line":3,"column":43}},"3":{"start":{"line":4,"column":0},"end":{"line":4,"column":51}},"4":{"start":{"line":11,"column":7},"end":{"line":11,"column":null}},"5":{"start":{"line":11,"column":13},"end":{"line":11,"column":26}},"6":{"start":{"line":11,"column":13},"end":{"line":11,"column":null}}},"fnMap":{},"branchMap":{},"s":{"0":0,"1":0,"2":0,"3":0,"4":0,"5":0,"6":0},"f":{},"b":{}}
,"C:\\Users\\1544-002-001\\Downloads\\Time-Off-MicroService\\src\\balance\\balance.service.ts": {"path":"C:\\Users\\1544-002-001\\Downloads\\Time-Off-MicroService\\src\\balance\\balance.service.ts","statementMap":{"0":{"start":{"line":1,"column":0},"end":{"line":1,"column":63}},"1":{"start":{"line":2,"column":0},"end":{"line":2,"column":51}},"2":{"start":{"line":3,"column":0},"end":{"line":3,"column":37}},"3":{"start":{"line":4,"column":0},"end":{"line":4,"column":43}},"4":{"start":{"line":7,"column":7},"end":{"line":56,"column":null}},"5":{"start":{"line":10,"column":12},"end":{"line":10,"column":25}},"6":{"start":{"line":14,"column":20},"end":{"line":16,"column":6}},"7":{"start":{"line":17,"column":4},"end":{"line":17,"column":67}},"8":{"start":{"line":17,"column":18},"end":{"line":17,"column":67}},"9":{"start":{"line":18,"column":4},"end":{"line":18,"column":19}},"10":{"start":{"line":22,"column":20},"end":{"line":22,"column":65}},"11":{"start":{"line":23,"column":4},"end":{"line":23,"column":70}},"12":{"start":{"line":27,"column":20},"end":{"line":27,"column":65}},"13":{"start":{"line":28,"column":22},"end":{"line":28,"column":80}},"14":{"start":{"line":29,"column":4},"end":{"line":29,"column":66}},"15":{"start":{"line":29,"column":26},"end":{"line":29,"column":66}},"16":{"start":{"line":30,"column":4},"end":{"line":30,"column":32}},"17":{"start":{"line":31,"column":4},"end":{"line":31,"column":41}},"18":{"start":{"line":35,"column":20},"end":{"line":35,"column":65}},"19":{"start":{"line":36,"column":4},"end":{"line":36,"column":32}},"20":{"start":{"line":37,"column":4},"end":{"line":37,"column":29}},"21":{"start":{"line":38,"column":4},"end":{"line":38,"column":41}},"22":{"start":{"line":42,"column":20},"end":{"line":42,"column":65}},"23":{"start":{"line":43,"column":4},"end":{"line":43,"column":66}},"24":{"start":{"line":44,"column":4},"end":{"line":44,"column":41}},"25":{"start":{"line":48,"column":18},"end":{"line":48,"column":87}},"26":{"start":{"line":49,"column":4},"end":{"line":53,"column":5}},"27":{"start":{"line":50,"column":6},"end":{"line":50,"column":79}},"28":{"start":{"line":52,"column":6},"end":{"line":52,"column":36}},"29":{"start":{"line":54,"column":4},"end":{"line":54,"column":42}},"30":{"start":{"line":7,"column":13},"end":{"line":7,"column":27}},"31":{"start":{"line":7,"column":13},"end":{"line":56,"column":null}}},"fnMap":{"0":{"name":"(anonymous_4)","decl":{"start":{"line":8,"column":2},"end":{"line":8,"column":null}},"loc":{"start":{"line":10,"column":44},"end":{"line":11,"column":6}}},"1":{"name":"(anonymous_5)","decl":{"start":{"line":13,"column":2},"end":{"line":13,"column":7}},"loc":{"start":{"line":13,"column":57},"end":{"line":19,"column":3}}},"2":{"name":"(anonymous_6)","decl":{"start":{"line":21,"column":2},"end":{"line":21,"column":7}},"loc":{"start":{"line":21,"column":63},"end":{"line":24,"column":3}}},"3":{"name":"(anonymous_7)","decl":{"start":{"line":26,"column":2},"end":{"line":26,"column":7}},"loc":{"start":{"line":26,"column":72},"end":{"line":32,"column":3}}},"4":{"name":"(anonymous_8)","decl":{"start":{"line":34,"column":2},"end":{"line":34,"column":7}},"loc":{"start":{"line":34,"column":72},"end":{"line":39,"column":3}}},"5":{"name":"(anonymous_9)","decl":{"start":{"line":41,"column":2},"end":{"line":41,"column":7}},"loc":{"start":{"line":41,"column":79},"end":{"line":45,"column":3}}},"6":{"name":"(anonymous_10)","decl":{"start":{"line":47,"column":2},"end":{"line":47,"column":7}},"loc":{"start":{"line":47,"column":79},"end":{"line":55,"column":3}}}},"branchMap":{"0":{"loc":{"start":{"line":17,"column":4},"end":{"line":17,"column":67}},"type":"if","locations":[{"start":{"line":17,"column":4},"end":{"line":17,"column":67}},{"start":{},"end":{}}]},"1":{"loc":{"start":{"line":29,"column":4},"end":{"line":29,"column":66}},"type":"if","locations":[{"start":{"line":29,"column":4},"end":{"line":29,"column":66}},{"start":{},"end":{}}]},"2":{"loc":{"start":{"line":49,"column":4},"end":{"line":53,"column":5}},"type":"if","locations":[{"start":{"line":49,"column":4},"end":{"line":53,"column":5}},{"start":{"line":51,"column":11},"end":{"line":53,"column":5}}]},"3":{"loc":{"start":{"line":10,"column":25},"end":{"line":10,"column":44}},"type":"cond-expr","locations":[{"start":{"line":10,"column":35},"end":{"line":10,"column":44}},{"start":{"line":10,"column":35},"end":{"line":10,"column":44}}]},"4":{"loc":{"start":{"line":10,"column":25},"end":{"line":10,"column":35}},"type":"binary-expr","locations":[{"start":{"line":10,"column":25},"end":{"line":10,"column":44}},{"start":{"line":10,"column":25},"end":{"line":10,"column":35}}]}},"s":{"0":0,"1":0,"2":0,"3":0,"4":0,"5":0,"6":0,"7":0,"8":0,"9":0,"10":0,"11":0,"12":0,"13":0,"14":0,"15":0,"16":0,"17":0,"18":0,"19":0,"20":0,"21":0,"22":0,"23":0,"24":0,"25":0,"26":0,"27":0,"28":0,"29":0,"30":0,"31":0},"f":{"0":0,"1":0,"2":0,"3":0,"4":0,"5":0,"6":0},"b":{"0":[0,0],"1":[0,0],"2":[0,0],"3":[0,0],"4":[0,0]}}
,"C:\\Users\\1544-002-001\\Downloads\\Time-Off-MicroService\\src\\hcm\\hcm-mock.controller.ts": {"path":"C:\\Users\\1544-002-001\\Downloads\\Time-Off-MicroService\\src\\hcm\\hcm-mock.controller.ts","statementMap":{"0":{"start":{"line":1,"column":0},"end":{"line":1,"column":68}},"1":{"start":{"line":3,"column":45},"end":{"line":6,"column":2}},"2":{"start":{"line":9,"column":7},"end":{"line":36,"column":null}},"3":{"start":{"line":15,"column":16},"end":{"line":15,"column":45}},"4":{"start":{"line":16,"column":20},"end":{"line":16,"column":42}},"5":{"start":{"line":17,"column":4},"end":{"line":17,"column":47}},"6":{"start":{"line":22,"column":16},"end":{"line":22,"column":55}},"7":{"start":{"line":23,"column":4},"end":{"line":23,"column":103}},"8":{"start":{"line":23,"column":41},"end":{"line":23,"column":103}},"9":{"start":{"line":24,"column":4},"end":{"line":24,"column":96}},"10":{"start":{"line":24,"column":39},"end":{"line":24,"column":96}},"11":{"start":{"line":25,"column":4},"end":{"line":25,"column":35}},"12":{"start":{"line":26,"column":4},"end":{"line":26,"column":59}},"13":{"start":{"line":31,"column":16},"end":{"line":31,"column":55}},"14":{"start":{"line":32,"column":4},"end":{"line":32,"column":50}},"15":{"start":{"line":32,"column":28},"end":{"line":32,"column":50}},"16":{"start":{"line":33,"column":4},"end":{"line":33,"column":36}},"17":{"start":{"line":34,"column":4},"end":{"line":34,"column":60}},"18":{"start":{"line":9,"column":13},"end":{"line":9,"column":30}},"19":{"start":{"line":11,"column":2},"end":{"line":18,"column":null}},"20":{"start":{"line":21,"column":2},"end":{"line":27,"column":null}},"21":{"start":{"line":30,"column":2},"end":{"line":35,"column":null}},"22":{"start":{"line":9,"column":13},"end":{"line":36,"column":null}}},"fnMap":{"0":{"name":"(anonymous_4)","decl":{"start":{"line":11,"column":2},"end":{"line":11,"column":12}},"loc":{"start":{"line":13,"column":43},"end":{"line":18,"column":3}}},"1":{"name":"(anonymous_5)","decl":{"start":{"line":21,"column":2},"end":{"line":21,"column":15}},"loc":{"start":{"line":21,"column":86},"end":{"line":27,"column":3}}},"2":{"name":"(anonymous_6)","decl":{"start":{"line":30,"column":2},"end":{"line":30,"column":18}},"loc":{"start":{"line":30,"column":90},"end":{"line":35,"column":3}}}},"branchMap":{"0":{"loc":{"start":{"line":16,"column":20},"end":{"line":16,"column":42}},"type":"binary-expr","locations":[{"start":{"line":16,"column":20},"end":{"line":16,"column":37}},{"start":{"line":16,"column":41},"end":{"line":16,"column":42}}]},"1":{"loc":{"start":{"line":23,"column":4},"end":{"line":23,"column":103}},"type":"if","locations":[{"start":{"line":23,"column":4},"end":{"line":23,"column":103}},{"start":{},"end":{}}]},"2":{"loc":{"start":{"line":24,"column":4},"end":{"line":24,"column":96}},"type":"if","locations":[{"start":{"line":24,"column":4},"end":{"line":24,"column":96}},{"start":{},"end":{}}]},"3":{"loc":{"start":{"line":32,"column":4},"end":{"line":32,"column":50}},"type":"if","locations":[{"start":{"line":32,"column":4},"end":{"line":32,"column":50}},{"start":{},"end":{}}]}},"s":{"0":0,"1":0,"2":0,"3":0,"4":0,"5":0,"6":0,"7":0,"8":0,"9":0,"10":0,"11":0,"12":0,"13":0,"14":0,"15":0,"16":0,"17":0,"18":0,"19":0,"20":0,"21":0,"22":0},"f":{"0":0,"1":0,"2":0},"b":{"0":[0,0],"1":[0,0],"2":[0,0],"3":[0,0]}}
,"C:\\Users\\1544-002-001\\Downloads\\Time-Off-MicroService\\src\\hcm\\hcm.module.ts": {"path":"C:\\Users\\1544-002-001\\Downloads\\Time-Off-MicroService\\src\\hcm\\hcm.module.ts","statementMap":{"0":{"start":{"line":1,"column":0},"end":{"line":1,"column":40}},"1":{"start":{"line":2,"column":0},"end":{"line":2,"column":43}},"2":{"start":{"line":3,"column":0},"end":{"line":3,"column":43}},"3":{"start":{"line":4,"column":0},"end":{"line":4,"column":58}},"4":{"start":{"line":12,"column":7},"end":{"line":12,"column":null}},"5":{"start":{"line":12,"column":13},"end":{"line":12,"column":22}},"6":{"start":{"line":12,"column":13},"end":{"line":12,"column":null}}},"fnMap":{},"branchMap":{},"s":{"0":0,"1":0,"2":0,"3":0,"4":0,"5":0,"6":0},"f":{},"b":{}}
,"C:\\Users\\1544-002-001\\Downloads\\Time-Off-MicroService\\src\\hcm\\hcm.service.ts": {"path":"C:\\Users\\1544-002-001\\Downloads\\Time-Off-MicroService\\src\\hcm\\hcm.service.ts","statementMap":{"0":{"start":{"line":1,"column":0},"end":{"line":1,"column":52}},"1":{"start":{"line":2,"column":0},"end":{"line":2,"column":44}},"2":{"start":{"line":3,"column":0},"end":{"line":3,"column":38}},"3":{"start":{"line":7,"column":23},"end":{"line":38,"column":null}},"4":{"start":{"line":8,"column":28},"end":{"line":8,"column":55}},"5":{"start":{"line":9,"column":32},"end":{"line":9,"column":55}},"6":{"start":{"line":11,"column":22},"end":{"line":11,"column":35}},"7":{"start":{"line":14,"column":4},"end":{"line":22,"column":5}},"8":{"start":{"line":15,"column":43},"end":{"line":16,"column":null}},"9":{"start":{"line":18,"column":6},"end":{"line":18,"column":35}},"10":{"start":{"line":20,"column":6},"end":{"line":20,"column":64}},"11":{"start":{"line":21,"column":6},"end":{"line":21,"column":18}},"12":{"start":{"line":26,"column":4},"end":{"line":36,"column":5}},"13":{"start":{"line":27,"column":43},"end":{"line":30,"column":null}},"14":{"start":{"line":32,"column":6},"end":{"line":32,"column":44}},"15":{"start":{"line":34,"column":6},"end":{"line":34,"column":67}},"16":{"start":{"line":35,"column":6},"end":{"line":35,"column":19}},"17":{"start":{"line":7,"column":13},"end":{"line":7,"column":23}},"18":{"start":{"line":7,"column":13},"end":{"line":38,"column":null}}},"fnMap":{"0":{"name":"(anonymous_2)","decl":{"start":{"line":11,"column":2},"end":{"line":11,"column":22}},"loc":{"start":{"line":11,"column":46},"end":{"line":11,"column":50}}},"1":{"name":"(anonymous_3)","decl":{"start":{"line":13,"column":2},"end":{"line":13,"column":7}},"loc":{"start":{"line":13,"column":57},"end":{"line":23,"column":3}}},"2":{"name":"(anonymous_4)","decl":{"start":{"line":25,"column":2},"end":{"line":25,"column":7}},"loc":{"start":{"line":25,"column":74},"end":{"line":37,"column":3}}}},"branchMap":{"0":{"loc":{"start":{"line":11,"column":35},"end":{"line":11,"column":49}},"type":"cond-expr","locations":[{"start":{"line":11,"column":46},"end":{"line":11,"column":49}},{"start":{"line":11,"column":46},"end":{"line":11,"column":49}}]},"1":{"loc":{"start":{"line":11,"column":35},"end":{"line":11,"column":46}},"type":"binary-expr","locations":[{"start":{"line":11,"column":35},"end":{"line":11,"column":49}},{"start":{"line":11,"column":35},"end":{"line":11,"column":46}}]}},"s":{"0":0,"1":0,"2":0,"3":0,"4":0,"5":0,"6":0,"7":0,"8":0,"9":0,"10":0,"11":0,"12":0,"13":0,"14":0,"15":0,"16":0,"17":0,"18":0},"f":{"0":0,"1":0,"2":0},"b":{"0":[0,0],"1":[0,0]}}
,"C:\\Users\\1544-002-001\\Downloads\\Time-Off-MicroService\\src\\sync\\sync.controller.ts": {"path":"C:\\Users\\1544-002-001\\Downloads\\Time-Off-MicroService\\src\\sync\\sync.controller.ts","statementMap":{"0":{"start":{"line":1,"column":0},"end":{"line":1,"column":56}},"1":{"start":{"line":2,"column":0},"end":{"line":2,"column":45}},"2":{"start":{"line":5,"column":7},"end":{"line":17,"column":null}},"3":{"start":{"line":6,"column":31},"end":{"line":6,"column":44}},"4":{"start":{"line":10,"column":4},"end":{"line":10,"column":52}},"5":{"start":{"line":15,"column":4},"end":{"line":15,"column":91}},"6":{"start":{"line":5,"column":13},"end":{"line":5,"column":27}},"7":{"start":{"line":9,"column":2},"end":{"line":11,"column":null}},"8":{"start":{"line":14,"column":2},"end":{"line":16,"column":null}},"9":{"start":{"line":5,"column":13},"end":{"line":17,"column":null}}},"fnMap":{"0":{"name":"(anonymous_4)","decl":{"start":{"line":6,"column":2},"end":{"line":6,"column":31}},"loc":{"start":{"line":6,"column":55},"end":{"line":6,"column":59}}},"1":{"name":"(anonymous_5)","decl":{"start":{"line":9,"column":2},"end":{"line":9,"column":11}},"loc":{"start":{"line":9,"column":102},"end":{"line":11,"column":3}}},"2":{"name":"(anonymous_6)","decl":{"start":{"line":14,"column":2},"end":{"line":14,"column":14}},"loc":{"start":{"line":14,"column":90},"end":{"line":16,"column":3}}}},"branchMap":{"0":{"loc":{"start":{"line":6,"column":44},"end":{"line":6,"column":58}},"type":"cond-expr","locations":[{"start":{"line":6,"column":55},"end":{"line":6,"column":58}},{"start":{"line":6,"column":55},"end":{"line":6,"column":58}}]},"1":{"loc":{"start":{"line":6,"column":44},"end":{"line":6,"column":55}},"type":"binary-expr","locations":[{"start":{"line":6,"column":44},"end":{"line":6,"column":58}},{"start":{"line":6,"column":44},"end":{"line":6,"column":55}}]}},"s":{"0":0,"1":0,"2":0,"3":0,"4":0,"5":0,"6":0,"7":0,"8":0,"9":0},"f":{"0":0,"1":0,"2":0},"b":{"0":[0,0],"1":[0,0]}}
,"C:\\Users\\1544-002-001\\Downloads\\Time-Off-MicroService\\src\\sync\\sync.module.ts": {"path":"C:\\Users\\1544-002-001\\Downloads\\Time-Off-MicroService\\src\\sync\\sync.module.ts","statementMap":{"0":{"start":{"line":1,"column":0},"end":{"line":1,"column":40}},"1":{"start":{"line":2,"column":0},"end":{"line":2,"column":45}},"2":{"start":{"line":3,"column":0},"end":{"line":3,"column":51}},"3":{"start":{"line":4,"column":0},"end":{"line":4,"column":58}},"4":{"start":{"line":11,"column":7},"end":{"line":11,"column":null}},"5":{"start":{"line":11,"column":13},"end":{"line":11,"column":23}},"6":{"start":{"line":11,"column":13},"end":{"line":11,"column":null}}},"fnMap":{},"branchMap":{},"s":{"0":0,"1":0,"2":0,"3":0,"4":0,"5":0,"6":0},"f":{},"b":{}}
,"C:\\Users\\1544-002-001\\Downloads\\Time-Off-MicroService\\src\\sync\\sync.service.ts": {"path":"C:\\Users\\1544-002-001\\Downloads\\Time-Off-MicroService\\src\\sync\\sync.service.ts","statementMap":{"0":{"start":{"line":1,"column":0},"end":{"line":1,"column":44}},"1":{"start":{"line":2,"column":0},"end":{"line":2,"column":60}},"2":{"start":{"line":6,"column":7},"end":{"line":25,"column":null}},"3":{"start":{"line":7,"column":22},"end":{"line":7,"column":38}},"4":{"start":{"line":10,"column":31},"end":{"line":10,"column":33}},"5":{"start":{"line":11,"column":4},"end":{"line":18,"column":5}},"6":{"start":{"line":12,"column":22},"end":{"line":15,"column":null}},"7":{"start":{"line":17,"column":6},"end":{"line":17,"column":28}},"8":{"start":{"line":19,"column":4},"end":{"line":19,"column":56}},"9":{"start":{"line":23,"column":4},"end":{"line":23,"column":80}},"10":{"start":{"line":6,"column":13},"end":{"line":6,"column":24}},"11":{"start":{"line":6,"column":13},"end":{"line":25,"column":null}}},"fnMap":{"0":{"name":"(anonymous_2)","decl":{"start":{"line":7,"column":2},"end":{"line":7,"column":22}},"loc":{"start":{"line":7,"column":52},"end":{"line":7,"column":56}}},"1":{"name":"(anonymous_3)","decl":{"start":{"line":9,"column":2},"end":{"line":9,"column":7}},"loc":{"start":{"line":9,"column":90},"end":{"line":20,"column":3}}},"2":{"name":"(anonymous_4)","decl":{"start":{"line":22,"column":2},"end":{"line":22,"column":7}},"loc":{"start":{"line":22,"column":78},"end":{"line":24,"column":3}}}},"branchMap":{"0":{"loc":{"start":{"line":7,"column":38},"end":{"line":7,"column":55}},"type":"cond-expr","locations":[{"start":{"line":7,"column":52},"end":{"line":7,"column":55}},{"start":{"line":7,"column":52},"end":{"line":7,"column":55}}]},"1":{"loc":{"start":{"line":7,"column":38},"end":{"line":7,"column":52}},"type":"binary-expr","locations":[{"start":{"line":7,"column":38},"end":{"line":7,"column":55}},{"start":{"line":7,"column":38},"end":{"line":7,"column":52}}]}},"s":{"0":0,"1":0,"2":0,"3":0,"4":0,"5":0,"6":0,"7":0,"8":0,"9":0,"10":0,"11":0},"f":{"0":0,"1":0,"2":0},"b":{"0":[0,0],"1":[0,0]}}
,"C:\\Users\\1544-002-001\\Downloads\\Time-Off-MicroService\\src\\time-off\\time-off-request.entity.ts": {"path":"C:\\Users\\1544-002-001\\Downloads\\Time-Off-MicroService\\src\\time-off\\time-off-request.entity.ts","statementMap":{"0":{"start":{"line":1,"column":0},"end":{"line":1,"column":101}},"1":{"start":{"line":3,"column":0},"end":{"line":3,"column":null}},"2":{"start":{"line":4,"column":2},"end":{"line":4,"column":null}},"3":{"start":{"line":5,"column":2},"end":{"line":5,"column":null}},"4":{"start":{"line":6,"column":2},"end":{"line":6,"column":null}},"5":{"start":{"line":7,"column":2},"end":{"line":7,"column":null}},"6":{"start":{"line":11,"column":7},"end":{"line":38,"column":null}},"7":{"start":{"line":11,"column":13},"end":{"line":11,"column":27}},"8":{"start":{"line":13,"column":2},"end":{"line":13,"column":null}},"9":{"start":{"line":16,"column":2},"end":{"line":16,"column":null}},"10":{"start":{"line":19,"column":2},"end":{"line":19,"column":null}},"11":{"start":{"line":22,"column":2},"end":{"line":22,"column":null}},"12":{"start":{"line":25,"column":2},"end":{"line":25,"column":null}},"13":{"start":{"line":28,"column":2},"end":{"line":28,"column":null}},"14":{"start":{"line":31,"column":2},"end":{"line":31,"column":null}},"15":{"start":{"line":34,"column":2},"end":{"line":34,"column":null}},"16":{"start":{"line":37,"column":2},"end":{"line":37,"column":null}},"17":{"start":{"line":11,"column":13},"end":{"line":38,"column":null}}},"fnMap":{"0":{"name":"(anonymous_2)","decl":{"start":{"line":3,"column":0},"end":{"line":3,"column":12}},"loc":{"start":{"line":3,"column":25},"end":{"line":8,"column":1}}}},"branchMap":{"0":{"loc":{"start":{"line":3,"column":12},"end":{"line":3,"column":null}},"type":"binary-expr","locations":[{"start":{"line":3,"column":12},"end":{"line":3,"column":25}},{"start":{"line":3,"column":25},"end":{"line":3,"column":null}}]},"1":{"loc":{"start":{"line":34,"column":13},"end":{"line":34,"column":18}},"type":"cond-expr","locations":[{"start":{"line":34,"column":17},"end":{"line":34,"column":18}},{"start":{"line":34,"column":17},"end":{"line":34,"column":18}}]},"2":{"loc":{"start":{"line":34,"column":13},"end":{"line":34,"column":17}},"type":"binary-expr","locations":[{"start":{"line":34,"column":13},"end":{"line":34,"column":18}},{"start":{"line":34,"column":13},"end":{"line":34,"column":17}}]},"3":{"loc":{"start":{"line":37,"column":13},"end":{"line":37,"column":18}},"type":"cond-expr","locations":[{"start":{"line":37,"column":17},"end":{"line":37,"column":18}},{"start":{"line":37,"column":17},"end":{"line":37,"column":18}}]},"4":{"loc":{"start":{"line":37,"column":13},"end":{"line":37,"column":17}},"type":"binary-expr","locations":[{"start":{"line":37,"column":13},"end":{"line":37,"column":18}},{"start":{"line":37,"column":13},"end":{"line":37,"column":17}}]}},"s":{"0":0,"1":0,"2":0,"3":0,"4":0,"5":0,"6":0,"7":0,"8":0,"9":0,"10":0,"11":0,"12":0,"13":0,"14":0,"15":0,"16":0,"17":0},"f":{"0":0},"b":{"0":[0,0],"1":[0,0],"2":[0,0],"3":[0,0],"4":[0,0]}}
,"C:\\Users\\1544-002-001\\Downloads\\Time-Off-MicroService\\src\\time-off\\time-off.controller.ts": {"path":"C:\\Users\\1544-002-001\\Downloads\\Time-Off-MicroService\\src\\time-off\\time-off.controller.ts","statementMap":{"0":{"start":{"line":1,"column":0},"end":{"line":1,"column":83}},"1":{"start":{"line":2,"column":0},"end":{"line":2,"column":52}},"2":{"start":{"line":3,"column":0},"end":{"line":3,"column":60}},"3":{"start":{"line":4,"column":0},"end":{"line":4,"column":60}},"4":{"start":{"line":7,"column":7},"end":{"line":45,"column":null}},"5":{"start":{"line":9,"column":21},"end":{"line":9,"column":37}},"6":{"start":{"line":10,"column":21},"end":{"line":10,"column":37}},"7":{"start":{"line":15,"column":4},"end":{"line":15,"column":50}},"8":{"start":{"line":20,"column":4},"end":{"line":20,"column":44}},"9":{"start":{"line":28,"column":4},"end":{"line":28,"column":66}},"10":{"start":{"line":33,"column":4},"end":{"line":33,"column":51}},"11":{"start":{"line":38,"column":4},"end":{"line":38,"column":50}},"12":{"start":{"line":43,"column":4},"end":{"line":43,"column":50}},"13":{"start":{"line":7,"column":13},"end":{"line":7,"column":30}},"14":{"start":{"line":14,"column":2},"end":{"line":16,"column":null}},"15":{"start":{"line":19,"column":2},"end":{"line":21,"column":null}},"16":{"start":{"line":24,"column":2},"end":{"line":29,"column":null}},"17":{"start":{"line":32,"column":2},"end":{"line":34,"column":null}},"18":{"start":{"line":37,"column":2},"end":{"line":39,"column":null}},"19":{"start":{"line":42,"column":2},"end":{"line":44,"column":null}},"20":{"start":{"line":7,"column":13},"end":{"line":45,"column":null}}},"fnMap":{"0":{"name":"(anonymous_4)","decl":{"start":{"line":8,"column":2},"end":{"line":8,"column":null}},"loc":{"start":{"line":10,"column":51},"end":{"line":11,"column":6}}},"1":{"name":"(anonymous_5)","decl":{"start":{"line":14,"column":2},"end":{"line":14,"column":8}},"loc":{"start":{"line":14,"column":38},"end":{"line":16,"column":3}}},"2":{"name":"(anonymous_6)","decl":{"start":{"line":19,"column":2},"end":{"line":19,"column":9}},"loc":{"start":{"line":19,"column":33},"end":{"line":21,"column":3}}},"3":{"name":"(anonymous_7)","decl":{"start":{"line":24,"column":2},"end":{"line":24,"column":12}},"loc":{"start":{"line":26,"column":43},"end":{"line":29,"column":3}}},"4":{"name":"(anonymous_8)","decl":{"start":{"line":32,"column":2},"end":{"line":32,"column":9}},"loc":{"start":{"line":32,"column":33},"end":{"line":34,"column":3}}},"5":{"name":"(anonymous_9)","decl":{"start":{"line":37,"column":2},"end":{"line":37,"column":8}},"loc":{"start":{"line":37,"column":32},"end":{"line":39,"column":3}}},"6":{"name":"(anonymous_10)","decl":{"start":{"line":42,"column":2},"end":{"line":42,"column":8}},"loc":{"start":{"line":42,"column":32},"end":{"line":44,"column":3}}}},"branchMap":{"0":{"loc":{"start":{"line":14,"column":22},"end":{"line":14,"column":null}},"type":"cond-expr","locations":[{"start":{"line":14,"column":38},"end":{"line":14,"column":null}},{"start":{"line":14,"column":38},"end":{"line":14,"column":null}}]},"1":{"loc":{"start":{"line":14,"column":22},"end":{"line":14,"column":38}},"type":"binary-expr","locations":[{"start":{"line":14,"column":22},"end":{"line":14,"column":null}},{"start":{"line":14,"column":22},"end":{"line":14,"column":38}}]},"2":{"loc":{"start":{"line":9,"column":37},"end":{"line":9,"column":null}},"type":"cond-expr","locations":[{"start":{"line":9,"column":51},"end":{"line":9,"column":null}},{"start":{"line":9,"column":51},"end":{"line":9,"column":null}}]},"3":{"loc":{"start":{"line":9,"column":37},"end":{"line":9,"column":51}},"type":"binary-expr","locations":[{"start":{"line":9,"column":37},"end":{"line":9,"column":null}},{"start":{"line":9,"column":37},"end":{"line":9,"column":51}}]},"4":{"loc":{"start":{"line":9,"column":51},"end":{"line":10,"column":null}},"type":"cond-expr","locations":[{"start":{"line":10,"column":51},"end":{"line":10,"column":null}},{"start":{"line":10,"column":51},"end":{"line":10,"column":null}}]},"5":{"loc":{"start":{"line":9,"column":51},"end":{"line":10,"column":51}},"type":"binary-expr","locations":[{"start":{"line":9,"column":51},"end":{"line":10,"column":null}},{"start":{"line":10,"column":37},"end":{"line":10,"column":51}}]}},"s":{"0":0,"1":0,"2":0,"3":0,"4":0,"5":0,"6":0,"7":0,"8":0,"9":0,"10":0,"11":0,"12":0,"13":0,"14":0,"15":0,"16":0,"17":0,"18":0,"19":0,"20":0},"f":{"0":0,"1":0,"2":0,"3":0,"4":0,"5":0,"6":0},"b":{"0":[0,0],"1":[0,0],"2":[0,0],"3":[0,0],"4":[0,0],"5":[0,0]}}
,"C:\\Users\\1544-002-001\\Downloads\\Time-Off-MicroService\\src\\time-off\\time-off.module.ts": {"path":"C:\\Users\\1544-002-001\\Downloads\\Time-Off-MicroService\\src\\time-off\\time-off.module.ts","statementMap":{"0":{"start":{"line":1,"column":0},"end":{"line":1,"column":40}},"1":{"start":{"line":2,"column":0},"end":{"line":2,"column":48}},"2":{"start":{"line":3,"column":0},"end":{"line":3,"column":59}},"3":{"start":{"line":4,"column":0},"end":{"line":4,"column":52}},"4":{"start":{"line":5,"column":0},"end":{"line":5,"column":58}},"5":{"start":{"line":6,"column":0},"end":{"line":6,"column":58}},"6":{"start":{"line":7,"column":0},"end":{"line":7,"column":46}},"7":{"start":{"line":18,"column":7},"end":{"line":18,"column":null}},"8":{"start":{"line":18,"column":13},"end":{"line":18,"column":26}},"9":{"start":{"line":18,"column":13},"end":{"line":18,"column":null}}},"fnMap":{},"branchMap":{},"s":{"0":0,"1":0,"2":0,"3":0,"4":0,"5":0,"6":0,"7":0,"8":0,"9":0},"f":{},"b":{}}
,"C:\\Users\\1544-002-001\\Downloads\\Time-Off-MicroService\\src\\time-off\\time-off.service.ts": {"path":"C:\\Users\\1544-002-001\\Downloads\\Time-Off-MicroService\\src\\time-off\\time-off.service.ts","statementMap":{"0":{"start":{"line":1,"column":0},"end":{"line":1,"column":84}},"1":{"start":{"line":2,"column":0},"end":{"line":2,"column":51}},"2":{"start":{"line":3,"column":0},"end":{"line":3,"column":37}},"3":{"start":{"line":4,"column":0},"end":{"line":4,"column":74}},"4":{"start":{"line":6,"column":0},"end":{"line":6,"column":60}},"5":{"start":{"line":7,"column":0},"end":{"line":7,"column":48}},"6":{"start":{"line":10,"column":7},"end":{"line":76,"column":null}},"7":{"start":{"line":13,"column":12},"end":{"line":13,"column":25}},"8":{"start":{"line":14,"column":12},"end":{"line":14,"column":28}},"9":{"start":{"line":15,"column":12},"end":{"line":15,"column":24}},"10":{"start":{"line":19,"column":27},"end":{"line":19,"column":101}},"11":{"start":{"line":20,"column":4},"end":{"line":22,"column":5}},"12":{"start":{"line":21,"column":6},"end":{"line":21,"column":74}},"13":{"start":{"line":23,"column":23},"end":{"line":23,"column":87}},"14":{"start":{"line":24,"column":4},"end":{"line":26,"column":5}},"15":{"start":{"line":25,"column":6},"end":{"line":25,"column":83}},"16":{"start":{"line":27,"column":4},"end":{"line":29,"column":5}},"17":{"start":{"line":28,"column":6},"end":{"line":28,"column":72}},"18":{"start":{"line":30,"column":21},"end":{"line":30,"column":107}},"19":{"start":{"line":31,"column":4},"end":{"line":33,"column":5}},"20":{"start":{"line":32,"column":6},"end":{"line":32,"column":66}},"21":{"start":{"line":34,"column":4},"end":{"line":34,"column":93}},"22":{"start":{"line":35,"column":20},"end":{"line":35,"column":86}},"23":{"start":{"line":36,"column":4},"end":{"line":36,"column":42}},"24":{"start":{"line":40,"column":20},"end":{"line":40,"column":42}},"25":{"start":{"line":41,"column":4},"end":{"line":43,"column":5}},"26":{"start":{"line":42,"column":6},"end":{"line":42,"column":77}},"27":{"start":{"line":44,"column":4},"end":{"line":44,"column":105}},"28":{"start":{"line":45,"column":4},"end":{"line":45,"column":44}},"29":{"start":{"line":46,"column":4},"end":{"line":46,"column":42}},"30":{"start":{"line":50,"column":20},"end":{"line":50,"column":42}},"31":{"start":{"line":51,"column":4},"end":{"line":53,"column":5}},"32":{"start":{"line":52,"column":6},"end":{"line":52,"column":77}},"33":{"start":{"line":54,"column":4},"end":{"line":54,"column":112}},"34":{"start":{"line":55,"column":4},"end":{"line":55,"column":44}},"35":{"start":{"line":56,"column":4},"end":{"line":56,"column":42}},"36":{"start":{"line":60,"column":20},"end":{"line":60,"column":42}},"37":{"start":{"line":61,"column":4},"end":{"line":63,"column":5}},"38":{"start":{"line":62,"column":6},"end":{"line":62,"column":57}},"39":{"start":{"line":64,"column":4},"end":{"line":66,"column":5}},"40":{"start":{"line":65,"column":6},"end":{"line":65,"column":114}},"41":{"start":{"line":67,"column":4},"end":{"line":67,"column":45}},"42":{"start":{"line":68,"column":4},"end":{"line":68,"column":42}},"43":{"start":{"line":72,"column":20},"end":{"line":72,"column":69}},"44":{"start":{"line":73,"column":4},"end":{"line":73,"column":73}},"45":{"start":{"line":73,"column":18},"end":{"line":73,"column":73}},"46":{"start":{"line":74,"column":4},"end":{"line":74,"column":19}},"47":{"start":{"line":10,"column":13},"end":{"line":10,"column":27}},"48":{"start":{"line":10,"column":13},"end":{"line":76,"column":null}}},"fnMap":{"0":{"name":"(anonymous_4)","decl":{"start":{"line":11,"column":2},"end":{"line":11,"column":null}},"loc":{"start":{"line":15,"column":34},"end":{"line":16,"column":6}}},"1":{"name":"(anonymous_5)","decl":{"start":{"line":18,"column":2},"end":{"line":18,"column":7}},"loc":{"start":{"line":18,"column":43},"end":{"line":37,"column":3}}},"2":{"name":"(anonymous_6)","decl":{"start":{"line":39,"column":2},"end":{"line":39,"column":7}},"loc":{"start":{"line":39,"column":33},"end":{"line":47,"column":3}}},"3":{"name":"(anonymous_7)","decl":{"start":{"line":49,"column":2},"end":{"line":49,"column":7}},"loc":{"start":{"line":49,"column":32},"end":{"line":57,"column":3}}},"4":{"name":"(anonymous_8)","decl":{"start":{"line":59,"column":2},"end":{"line":59,"column":7}},"loc":{"start":{"line":59,"column":32},"end":{"line":69,"column":3}}},"5":{"name":"(anonymous_9)","decl":{"start":{"line":71,"column":2},"end":{"line":71,"column":7}},"loc":{"start":{"line":71,"column":26},"end":{"line":75,"column":3}}}},"branchMap":{"0":{"loc":{"start":{"line":20,"column":4},"end":{"line":22,"column":5}},"type":"if","locations":[{"start":{"line":20,"column":4},"end":{"line":22,"column":5}},{"start":{},"end":{}}]},"1":{"loc":{"start":{"line":24,"column":4},"end":{"line":26,"column":5}},"type":"if","locations":[{"start":{"line":24,"column":4},"end":{"line":26,"column":5}},{"start":{},"end":{}}]},"2":{"loc":{"start":{"line":27,"column":4},"end":{"line":29,"column":5}},"type":"if","locations":[{"start":{"line":27,"column":4},"end":{"line":29,"column":5}},{"start":{},"end":{}}]},"3":{"loc":{"start":{"line":31,"column":4},"end":{"line":33,"column":5}},"type":"if","locations":[{"start":{"line":31,"column":4},"end":{"line":33,"column":5}},{"start":{},"end":{}}]},"4":{"loc":{"start":{"line":41,"column":4},"end":{"line":43,"column":5}},"type":"if","locations":[{"start":{"line":41,"column":4},"end":{"line":43,"column":5}},{"start":{},"end":{}}]},"5":{"loc":{"start":{"line":51,"column":4},"end":{"line":53,"column":5}},"type":"if","locations":[{"start":{"line":51,"column":4},"end":{"line":53,"column":5}},{"start":{},"end":{}}]},"6":{"loc":{"start":{"line":61,"column":4},"end":{"line":63,"column":5}},"type":"if","locations":[{"start":{"line":61,"column":4},"end":{"line":63,"column":5}},{"start":{},"end":{}}]},"7":{"loc":{"start":{"line":64,"column":4},"end":{"line":66,"column":5}},"type":"if","locations":[{"start":{"line":64,"column":4},"end":{"line":66,"column":5}},{"start":{},"end":{}}]},"8":{"loc":{"start":{"line":73,"column":4},"end":{"line":73,"column":73}},"type":"if","locations":[{"start":{"line":73,"column":4},"end":{"line":73,"column":73}},{"start":{},"end":{}}]},"9":{"loc":{"start":{"line":13,"column":25},"end":{"line":13,"column":51}},"type":"cond-expr","locations":[{"start":{"line":13,"column":35},"end":{"line":13,"column":51}},{"start":{"line":13,"column":35},"end":{"line":13,"column":51}}]},"10":{"loc":{"start":{"line":13,"column":25},"end":{"line":13,"column":35}},"type":"binary-expr","locations":[{"start":{"line":13,"column":25},"end":{"line":13,"column":51}},{"start":{"line":13,"column":25},"end":{"line":13,"column":35}}]},"11":{"loc":{"start":{"line":13,"column":35},"end":{"line":14,"column":null}},"type":"cond-expr","locations":[{"start":{"line":14,"column":42},"end":{"line":14,"column":null}},{"start":{"line":14,"column":42},"end":{"line":14,"column":null}}]},"12":{"loc":{"start":{"line":13,"column":35},"end":{"line":14,"column":42}},"type":"binary-expr","locations":[{"start":{"line":13,"column":35},"end":{"line":14,"column":null}},{"start":{"line":14,"column":28},"end":{"line":14,"column":42}}]},"13":{"loc":{"start":{"line":14,"column":42},"end":{"line":15,"column":null}},"type":"cond-expr","locations":[{"start":{"line":15,"column":34},"end":{"line":15,"column":null}},{"start":{"line":15,"column":34},"end":{"line":15,"column":null}}]},"14":{"loc":{"start":{"line":14,"column":42},"end":{"line":15,"column":34}},"type":"binary-expr","locations":[{"start":{"line":14,"column":42},"end":{"line":15,"column":null}},{"start":{"line":15,"column":24},"end":{"line":15,"column":34}}]}},"s":{"0":0,"1":0,"2":0,"3":0,"4":0,"5":0,"6":0,"7":0,"8":0,"9":0,"10":0,"11":0,"12":0,"13":0,"14":0,"15":0,"16":0,"17":0,"18":0,"19":0,"20":0,"21":0,"22":0,"23":0,"24":0,"25":0,"26":0,"27":0,"28":0,"29":0,"30":0,"31":0,"32":0,"33":0,"34":0,"35":0,"36":0,"37":0,"38":0,"39":0,"40":0,"41":0,"42":0,"43":0,"44":0,"45":0,"46":0,"47":0,"48":0},"f":{"0":0,"1":0,"2":0,"3":0,"4":0,"5":0},"b":{"0":[0,0],"1":[0,0],"2":[0,0],"3":[0,0],"4":[0,0],"5":[0,0],"6":[0,0],"7":[0,0],"8":[0,0],"9":[0,0],"10":[0,0],"11":[0,0],"12":[0,0],"13":[0,0],"14":[0,0]}}
,"C:\\Users\\1544-002-001\\Downloads\\Time-Off-MicroService\\src\\time-off\\dto\\create-request.dto.ts": {"path":"C:\\Users\\1544-002-001\\Downloads\\Time-Off-MicroService\\src\\time-off\\dto\\create-request.dto.ts","statementMap":{"0":{"start":{"line":1,"column":0},"end":{"line":1,"column":79}},"1":{"start":{"line":3,"column":0},"end":{"line":3,"column":13}},"2":{"start":{"line":5,"column":2},"end":{"line":5,"column":null}},"3":{"start":{"line":8,"column":2},"end":{"line":8,"column":null}},"4":{"start":{"line":11,"column":2},"end":{"line":11,"column":null}},"5":{"start":{"line":14,"column":2},"end":{"line":14,"column":null}},"6":{"start":{"line":18,"column":2},"end":{"line":18,"column":null}}},"fnMap":{},"branchMap":{},"s":{"0":0,"1":0,"2":0,"3":0,"4":0,"5":0,"6":0},"f":{},"b":{}}
}
